This file contains any messages produced by compilers while
running configure, to aid debugging if configure makes a mistake.

It was created by configure, which was
generated by GNU Autoconf 2.59.  Invocation command line was

  $ ./configure --with-gtk2

## --------- ##
## Platform. ##
## --------- ##

hostname = debian
uname -m = x86_64
uname -r = 3.2.0-4-amd64
uname -s = Linux
uname -v = #1 SMP Debian 3.2.63-2+deb7u1

/usr/bin/uname -p = unknown
/bin/uname -X     = unknown

/bin/arch              = unknown
/usr/bin/arch -k       = unknown
/usr/convex/getsysinfo = unknown
hostinfo               = unknown
/bin/machine           = unknown
/usr/bin/oslevel       = unknown
/bin/universe          = unknown

PATH: /usr/local/sbin
PATH: /usr/local/bin
PATH: /usr/sbin
PATH: /usr/bin
PATH: /sbin
PATH: /bin


## ----------- ##
## Core tests. ##
## ----------- ##

configure:1378: checking for a BSD-compatible install
configure:1433: result: /usr/bin/install -c
configure:1444: checking whether build environment is sane
configure:1487: result: yes
configure:1511: WARNING: `missing' script is too old or missing
configure:1552: checking for gawk
configure:1568: found /usr/bin/gawk
configure:1578: result: gawk
configure:1588: checking whether make sets $(MAKE)
configure:1608: result: yes
configure:1793: checking for style of include used by make
configure:1821: result: GNU
configure:1892: checking for gcc
configure:1908: found /usr/bin/gcc
configure:1918: result: gcc
configure:2162: checking for C compiler version
configure:2165: gcc --version </dev/null >&5
gcc (Debian 4.7.2-5) 4.7.2
Copyright (C) 2012 Free Software Foundation, Inc.
This is free software; see the source for copying conditions.  There is NO
warranty; not even for MERCHANTABILITY or FITNESS FOR A PARTICULAR PURPOSE.

configure:2168: $? = 0
configure:2170: gcc -v </dev/null >&5
Using built-in specs.
COLLECT_GCC=gcc
COLLECT_LTO_WRAPPER=/usr/lib/gcc/x86_64-linux-gnu/4.7/lto-wrapper
Target: x86_64-linux-gnu
Configured with: ../src/configure -v --with-pkgversion='Debian 4.7.2-5' --with-bugurl=file:///usr/share/doc/gcc-4.7/README.Bugs --enable-languages=c,c++,go,fortran,objc,obj-c++ --prefix=/usr --program-suffix=-4.7 --enable-shared --enable-linker-build-id --with-system-zlib --libexecdir=/usr/lib --without-included-gettext --enable-threads=posix --with-gxx-include-dir=/usr/include/c++/4.7 --libdir=/usr/lib --enable-nls --with-sysroot=/ --enable-clocale=gnu --enable-libstdcxx-debug --enable-libstdcxx-time=yes --enable-gnu-unique-object --enable-plugin --enable-objc-gc --with-arch-32=i586 --with-tune=generic --enable-checking=release --build=x86_64-linux-gnu --host=x86_64-linux-gnu --target=x86_64-linux-gnu
Thread model: posix
gcc version 4.7.2 (Debian 4.7.2-5) 
configure:2173: $? = 0
configure:2175: gcc -V </dev/null >&5
gcc: error: unrecognized command line option '-V'
gcc: fatal error: no input files
compilation terminated.
configure:2178: $? = 4
configure:2201: checking for C compiler default output file name
configure:2204: gcc    conftest.c  >&5
configure:2207: $? = 0
configure:2253: result: a.out
configure:2258: checking whether the C compiler works
configure:2264: ./a.out
configure:2267: $? = 0
configure:2284: result: yes
configure:2291: checking whether we are cross compiling
configure:2293: result: no
configure:2296: checking for suffix of executables
configure:2298: gcc -o conftest    conftest.c  >&5
configure:2301: $? = 0
configure:2326: result: 
configure:2332: checking for suffix of object files
configure:2353: gcc -c   conftest.c >&5
configure:2356: $? = 0
configure:2378: result: o
configure:2382: checking whether we are using the GNU C compiler
configure:2406: gcc -c   conftest.c >&5
configure:2412: $? = 0
configure:2416: test -z 
			 || test ! -s conftest.err
configure:2419: $? = 0
configure:2422: test -s conftest.o
configure:2425: $? = 0
configure:2438: result: yes
configure:2444: checking whether gcc accepts -g
configure:2465: gcc -c -g  conftest.c >&5
configure:2471: $? = 0
configure:2475: test -z 
			 || test ! -s conftest.err
configure:2478: $? = 0
configure:2481: test -s conftest.o
configure:2484: $? = 0
configure:2495: result: yes
configure:2512: checking for gcc option to accept ANSI C
configure:2582: gcc  -c -g -O2  conftest.c >&5
configure:2588: $? = 0
configure:2592: test -z 
			 || test ! -s conftest.err
configure:2595: $? = 0
configure:2598: test -s conftest.o
configure:2601: $? = 0
configure:2619: result: none needed
configure:2637: gcc -c -g -O2  conftest.c >&5
conftest.c:2:3: error: unknown type name 'choke'
conftest.c:2:3: error: expected '=', ',', ';', 'asm' or '__attribute__' at end of input
configure:2643: $? = 1
configure: failed program was:
| #ifndef __cplusplus
|   choke me
| #endif
configure:2778: checking dependency style of gcc
configure:2868: result: none
configure:2886: checking for library containing strerror
configure:2916: gcc -o conftest -g -O2   conftest.c  >&5
configure:2922: $? = 0
configure:2926: test -z 
			 || test ! -s conftest.err
configure:2929: $? = 0
configure:2932: test -s conftest
configure:2935: $? = 0
configure:3005: result: none required
configure:3058: checking for gcc
configure:3084: result: gcc
configure:3328: checking for C compiler version
configure:3331: gcc --version </dev/null >&5
gcc (Debian 4.7.2-5) 4.7.2
Copyright (C) 2012 Free Software Foundation, Inc.
This is free software; see the source for copying conditions.  There is NO
warranty; not even for MERCHANTABILITY or FITNESS FOR A PARTICULAR PURPOSE.

configure:3334: $? = 0
configure:3336: gcc -v </dev/null >&5
Using built-in specs.
COLLECT_GCC=gcc
COLLECT_LTO_WRAPPER=/usr/lib/gcc/x86_64-linux-gnu/4.7/lto-wrapper
Target: x86_64-linux-gnu
Configured with: ../src/configure -v --with-pkgversion='Debian 4.7.2-5' --with-bugurl=file:///usr/share/doc/gcc-4.7/README.Bugs --enable-languages=c,c++,go,fortran,objc,obj-c++ --prefix=/usr --program-suffix=-4.7 --enable-shared --enable-linker-build-id --with-system-zlib --libexecdir=/usr/lib --without-included-gettext --enable-threads=posix --with-gxx-include-dir=/usr/include/c++/4.7 --libdir=/usr/lib --enable-nls --with-sysroot=/ --enable-clocale=gnu --enable-libstdcxx-debug --enable-libstdcxx-time=yes --enable-gnu-unique-object --enable-plugin --enable-objc-gc --with-arch-32=i586 --with-tune=generic --enable-checking=release --build=x86_64-linux-gnu --host=x86_64-linux-gnu --target=x86_64-linux-gnu
Thread model: posix
gcc version 4.7.2 (Debian 4.7.2-5) 
configure:3339: $? = 0
configure:3341: gcc -V </dev/null >&5
gcc: error: unrecognized command line option '-V'
gcc: fatal error: no input files
compilation terminated.
configure:3344: $? = 4
configure:3347: checking whether we are using the GNU C compiler
configure:3403: result: yes
configure:3409: checking whether gcc accepts -g
configure:3460: result: yes
configure:3477: checking for gcc option to accept ANSI C
configure:3584: result: none needed
configure:3602: gcc -c -g -O2  conftest.c >&5
conftest.c:2:3: error: unknown type name 'choke'
conftest.c:2:3: error: expected '=', ',', ';', 'asm' or '__attribute__' at end of input
configure:3608: $? = 1
configure: failed program was:
| #ifndef __cplusplus
|   choke me
| #endif
configure:3743: checking dependency style of gcc
configure:3833: result: none
configure:3896: checking for gcc
configure:3922: result: gcc
configure:4166: checking for C compiler version
configure:4169: gcc --version </dev/null >&5
gcc (Debian 4.7.2-5) 4.7.2
Copyright (C) 2012 Free Software Foundation, Inc.
This is free software; see the source for copying conditions.  There is NO
warranty; not even for MERCHANTABILITY or FITNESS FOR A PARTICULAR PURPOSE.

configure:4172: $? = 0
configure:4174: gcc -v </dev/null >&5
Using built-in specs.
COLLECT_GCC=gcc
COLLECT_LTO_WRAPPER=/usr/lib/gcc/x86_64-linux-gnu/4.7/lto-wrapper
Target: x86_64-linux-gnu
Configured with: ../src/configure -v --with-pkgversion='Debian 4.7.2-5' --with-bugurl=file:///usr/share/doc/gcc-4.7/README.Bugs --enable-languages=c,c++,go,fortran,objc,obj-c++ --prefix=/usr --program-suffix=-4.7 --enable-shared --enable-linker-build-id --with-system-zlib --libexecdir=/usr/lib --without-included-gettext --enable-threads=posix --with-gxx-include-dir=/usr/include/c++/4.7 --libdir=/usr/lib --enable-nls --with-sysroot=/ --enable-clocale=gnu --enable-libstdcxx-debug --enable-libstdcxx-time=yes --enable-gnu-unique-object --enable-plugin --enable-objc-gc --with-arch-32=i586 --with-tune=generic --enable-checking=release --build=x86_64-linux-gnu --host=x86_64-linux-gnu --target=x86_64-linux-gnu
Thread model: posix
gcc version 4.7.2 (Debian 4.7.2-5) 
configure:4177: $? = 0
configure:4179: gcc -V </dev/null >&5
gcc: error: unrecognized command line option '-V'
gcc: fatal error: no input files
compilation terminated.
configure:4182: $? = 4
configure:4185: checking whether we are using the GNU C compiler
configure:4241: result: yes
configure:4247: checking whether gcc accepts -g
configure:4298: result: yes
configure:4315: checking for gcc option to accept ANSI C
configure:4422: result: none needed
configure:4440: gcc -c -g -O2  conftest.c >&5
conftest.c:2:3: error: unknown type name 'choke'
conftest.c:2:3: error: expected '=', ',', ';', 'asm' or '__attribute__' at end of input
configure:4446: $? = 1
configure: failed program was:
| #ifndef __cplusplus
|   choke me
| #endif
configure:4581: checking dependency style of gcc
configure:4671: result: none
configure:4732: checking for ranlib
configure:4748: found /usr/bin/ranlib
configure:4759: result: ranlib
configure:4776: checking how to run the C preprocessor
configure:4811: gcc -E  conftest.c
configure:4817: $? = 0
configure:4849: gcc -E  conftest.c
conftest.c:13:28: fatal error: ac_nonexistent.h: No such file or directory
compilation terminated.
configure:4855: $? = 1
configure: failed program was:
| /* confdefs.h.  */
| 
| #define PACKAGE_NAME ""
| #define PACKAGE_TARNAME ""
| #define PACKAGE_VERSION ""
| #define PACKAGE_STRING ""
| #define PACKAGE_BUGREPORT ""
| #define PACKAGE "Xdialog"
| #define VERSION "2.3.1"
| #define PACKAGE "Xdialog"
| #define VERSION "2.3.1"
| /* end confdefs.h.  */
| #include <ac_nonexistent.h>
configure:4894: result: gcc -E
configure:4918: gcc -E  conftest.c
configure:4924: $? = 0
configure:4956: gcc -E  conftest.c
conftest.c:13:28: fatal error: ac_nonexistent.h: No such file or directory
compilation terminated.
configure:4962: $? = 1
configure: failed program was:
| /* confdefs.h.  */
| 
| #define PACKAGE_NAME ""
| #define PACKAGE_TARNAME ""
| #define PACKAGE_VERSION ""
| #define PACKAGE_STRING ""
| #define PACKAGE_BUGREPORT ""
| #define PACKAGE "Xdialog"
| #define VERSION "2.3.1"
| #define PACKAGE "Xdialog"
| #define VERSION "2.3.1"
| /* end confdefs.h.  */
| #include <ac_nonexistent.h>
configure:5006: checking for egrep
configure:5016: result: grep -E
configure:5021: checking for ANSI C header files
configure:5046: gcc -c -g -O2  conftest.c >&5
configure:5052: $? = 0
configure:5056: test -z 
			 || test ! -s conftest.err
configure:5059: $? = 0
configure:5062: test -s conftest.o
configure:5065: $? = 0
configure:5154: gcc -o conftest -g -O2   conftest.c  >&5
conftest.c: In function 'main':
conftest.c:30:7: warning: incompatible implicit declaration of built-in function 'exit' [enabled by default]
configure:5157: $? = 0
configure:5159: ./conftest
configure:5162: $? = 0
configure:5177: result: yes
configure:5201: checking for sys/types.h
configure:5217: gcc -c -g -O2  conftest.c >&5
configure:5223: $? = 0
configure:5227: test -z 
			 || test ! -s conftest.err
configure:5230: $? = 0
configure:5233: test -s conftest.o
configure:5236: $? = 0
configure:5247: result: yes
configure:5201: checking for sys/stat.h
configure:5217: gcc -c -g -O2  conftest.c >&5
configure:5223: $? = 0
configure:5227: test -z 
			 || test ! -s conftest.err
configure:5230: $? = 0
configure:5233: test -s conftest.o
configure:5236: $? = 0
configure:5247: result: yes
configure:5201: checking for stdlib.h
configure:5217: gcc -c -g -O2  conftest.c >&5
configure:5223: $? = 0
configure:5227: test -z 
			 || test ! -s conftest.err
configure:5230: $? = 0
configure:5233: test -s conftest.o
configure:5236: $? = 0
configure:5247: result: yes
configure:5201: checking for string.h
configure:5217: gcc -c -g -O2  conftest.c >&5
configure:5223: $? = 0
configure:5227: test -z 
			 || test ! -s conftest.err
configure:5230: $? = 0
configure:5233: test -s conftest.o
configure:5236: $? = 0
configure:5247: result: yes
configure:5201: checking for memory.h
configure:5217: gcc -c -g -O2  conftest.c >&5
configure:5223: $? = 0
configure:5227: test -z 
			 || test ! -s conftest.err
configure:5230: $? = 0
configure:5233: test -s conftest.o
configure:5236: $? = 0
configure:5247: result: yes
configure:5201: checking for strings.h
configure:5217: gcc -c -g -O2  conftest.c >&5
configure:5223: $? = 0
configure:5227: test -z 
			 || test ! -s conftest.err
configure:5230: $? = 0
configure:5233: test -s conftest.o
configure:5236: $? = 0
configure:5247: result: yes
configure:5201: checking for inttypes.h
configure:5217: gcc -c -g -O2  conftest.c >&5
configure:5223: $? = 0
configure:5227: test -z 
			 || test ! -s conftest.err
configure:5230: $? = 0
configure:5233: test -s conftest.o
configure:5236: $? = 0
configure:5247: result: yes
configure:5201: checking for stdint.h
configure:5217: gcc -c -g -O2  conftest.c >&5
configure:5223: $? = 0
configure:5227: test -z 
			 || test ! -s conftest.err
configure:5230: $? = 0
configure:5233: test -s conftest.o
configure:5236: $? = 0
configure:5247: result: yes
configure:5201: checking for unistd.h
configure:5217: gcc -c -g -O2  conftest.c >&5
configure:5223: $? = 0
configure:5227: test -z 
			 || test ! -s conftest.err
configure:5230: $? = 0
configure:5233: test -s conftest.o
configure:5236: $? = 0
configure:5247: result: yes
configure:5264: checking for unistd.h
configure:5269: result: yes
configure:5423: checking errno.h usability
configure:5435: gcc -c -g -O2  conftest.c >&5
configure:5441: $? = 0
configure:5445: test -z 
			 || test ! -s conftest.err
configure:5448: $? = 0
configure:5451: test -s conftest.o
configure:5454: $? = 0
configure:5464: result: yes
configure:5468: checking errno.h presence
configure:5478: gcc -E  conftest.c
configure:5484: $? = 0
configure:5504: result: yes
configure:5539: checking for errno.h
configure:5546: result: yes
configure:5573: checking fcntl.h usability
configure:5585: gcc -c -g -O2  conftest.c >&5
configure:5591: $? = 0
configure:5595: test -z 
			 || test ! -s conftest.err
configure:5598: $? = 0
configure:5601: test -s conftest.o
configure:5604: $? = 0
configure:5614: result: yes
configure:5618: checking fcntl.h presence
configure:5628: gcc -E  conftest.c
configure:5634: $? = 0
configure:5654: result: yes
configure:5689: checking for fcntl.h
configure:5696: result: yes
configure:5718: checking for strcasecmp
configure:5775: gcc -o conftest -g -O2   conftest.c  >&5
conftest.c:50:6: warning: conflicting types for built-in function 'strcasecmp' [enabled by default]
configure:5781: $? = 0
configure:5785: test -z 
			 || test ! -s conftest.err
configure:5788: $? = 0
configure:5791: test -s conftest
configure:5794: $? = 0
configure:5806: result: yes
configure:5718: checking for strstr
configure:5775: gcc -o conftest -g -O2   conftest.c  >&5
conftest.c:51:6: warning: conflicting types for built-in function 'strstr' [enabled by default]
configure:5781: $? = 0
configure:5785: test -z 
			 || test ! -s conftest.err
configure:5788: $? = 0
configure:5791: test -s conftest
configure:5794: $? = 0
configure:5806: result: yes
configure:5718: checking for getopt_long_only
configure:5775: gcc -o conftest -g -O2   conftest.c  >&5
configure:5781: $? = 0
configure:5785: test -z 
			 || test ! -s conftest.err
configure:5788: $? = 0
configure:5791: test -s conftest
configure:5794: $? = 0
configure:5806: result: yes
configure:5718: checking for memchr
configure:5775: gcc -o conftest -g -O2   conftest.c  >&5
conftest.c:53:6: warning: conflicting types for built-in function 'memchr' [enabled by default]
configure:5781: $? = 0
configure:5785: test -z 
			 || test ! -s conftest.err
configure:5788: $? = 0
configure:5791: test -s conftest
configure:5794: $? = 0
configure:5806: result: yes
configure:5718: checking for memmove
configure:5775: gcc -o conftest -g -O2   conftest.c  >&5
conftest.c:54:6: warning: conflicting types for built-in function 'memmove' [enabled by default]
configure:5781: $? = 0
configure:5785: test -z 
			 || test ! -s conftest.err
configure:5788: $? = 0
configure:5791: test -s conftest
configure:5794: $? = 0
configure:5806: result: yes
configure:5718: checking for setlocale
configure:5775: gcc -o conftest -g -O2   conftest.c  >&5
configure:5781: $? = 0
configure:5785: test -z 
			 || test ! -s conftest.err
configure:5788: $? = 0
configure:5791: test -s conftest
configure:5794: $? = 0
configure:5806: result: yes
configure:5833: checking whether NLS is requested
configure:5842: result: yes
configure:5880: checking for msgfmt
configure:5911: result: /usr/bin/msgfmt
configure:5920: checking for gmsgfmt
configure:5951: result: /usr/bin/msgfmt
configure:5990: checking for xgettext
configure:6021: result: /usr/bin/xgettext
configure:6061: checking for msgmerge
configure:6091: result: /usr/bin/msgmerge
configure:6148: checking build system type
configure:6166: result: x86_64-unknown-linux-gnu
configure:6174: checking host system type
configure:6188: result: x86_64-unknown-linux-gnu
configure:6220: checking for ld used by GCC
configure:6284: result: /usr/bin/ld
configure:6293: checking if the linker (/usr/bin/ld) is GNU ld
configure:6306: result: yes
configure:6312: checking for shared library run path origin
configure:6325: result: done
configure:6741: checking whether NLS is requested
configure:6750: result: yes
configure:6768: checking for GNU gettext in libc
configure:6792: gcc -o conftest -g -O2   conftest.c  >&5
conftest.c: In function 'main':
conftest.c:39:8: warning: cast from pointer to integer of different size [-Wpointer-to-int-cast]
configure:6798: $? = 0
configure:6802: test -z 
			 || test ! -s conftest.err
configure:6805: $? = 0
configure:6808: test -s conftest
configure:6811: $? = 0
configure:6823: result: yes
configure:7522: checking whether to use NLS
configure:7524: result: yes
configure:7527: checking where the gettext function comes from
configure:7538: result: libc
configure:7608: result: Compiling for GTK2
configure:7635: checking for pkg-config
configure:7653: found /usr/bin/pkg-config
configure:7666: result: /usr/bin/pkg-config
configure:7687: checking for GTK+ - version >= 2.2.0
configure:7802: gcc -o conftest -g -O2 -pthread -I/usr/include/gtk-2.0 -I/usr/lib/x86_64-linux-gnu/gtk-2.0/include -I/usr/include/atk-1.0 -I/usr/include/cairo -I/usr/include/gdk-pixbuf-2.0 -I/usr/include/pango-1.0 -I/usr/include/gio-unix-2.0/ -I/usr/include/glib-2.0 -I/usr/lib/x86_64-linux-gnu/glib-2.0/include -I/usr/include/pixman-1 -I/usr/include/freetype2 -I/usr/include/libpng12    -DUSE_GTK2  conftest.c -lgtk-x11-2.0 -lgdk-x11-2.0 -latk-1.0 -lgio-2.0 -lpangoft2-1.0 -lpangocairo-1.0 -lgdk_pixbuf-2.0 -lcairo -lpango-1.0 -lfreetype -lfontconfig -lgobject-2.0 -lglib-2.0    >&5
configure:7805: $? = 0
configure:7807: ./conftest
configure:7810: $? = 0
configure:7828: result: yes (version 2.24.10)
configure:8485: creating ./config.status

## ---------------------- ##
## Running config.status. ##
## ---------------------- ##

This file was extended by config.status, which was
generated by GNU Autoconf 2.59.  Invocation command line was

  CONFIG_FILES    = 
  CONFIG_HEADERS  = 
  CONFIG_LINKS    = 
  CONFIG_COMMANDS = 
  $ ./config.status 

on debian

config.status:728: creating Makefile
config.status:728: creating lib/Makefile
config.status:728: creating src/Makefile
config.status:728: creating po/Makefile.in
config.status:728: creating doc/Makefile
config.status:728: creating m4/Makefile
config.status:832: creating config.h
config.status:1148: executing depfiles commands
config.status:1148: executing default-1 commands

## ---------------- ##
## Cache variables. ##
## ---------------- ##

ac_cv_build=x86_64-unknown-linux-gnu
ac_cv_build_alias=x86_64-unknown-linux-gnu
ac_cv_c_compiler_gnu=yes
ac_cv_env_CC_set=
ac_cv_env_CC_value=
ac_cv_env_CFLAGS_set=
ac_cv_env_CFLAGS_value=
ac_cv_env_CPPFLAGS_set=
ac_cv_env_CPPFLAGS_value=
ac_cv_env_CPP_set=
ac_cv_env_CPP_value=
ac_cv_env_LDFLAGS_set=
ac_cv_env_LDFLAGS_value=
ac_cv_env_build_alias_set=
ac_cv_env_build_alias_value=
ac_cv_env_host_alias_set=
ac_cv_env_host_alias_value=
ac_cv_env_target_alias_set=
ac_cv_env_target_alias_value=
ac_cv_exeext=
ac_cv_func_getopt_long_only=yes
ac_cv_func_memchr=yes
ac_cv_func_memmove=yes
ac_cv_func_setlocale=yes
ac_cv_func_strcasecmp=yes
ac_cv_func_strstr=yes
ac_cv_header_errno_h=yes
ac_cv_header_fcntl_h=yes
ac_cv_header_inttypes_h=yes
ac_cv_header_memory_h=yes
ac_cv_header_stdc=yes
ac_cv_header_stdint_h=yes
ac_cv_header_stdlib_h=yes
ac_cv_header_string_h=yes
ac_cv_header_strings_h=yes
ac_cv_header_sys_stat_h=yes
ac_cv_header_sys_types_h=yes
ac_cv_header_unistd_h=yes
ac_cv_host=x86_64-unknown-linux-gnu
ac_cv_host_alias=x86_64-unknown-linux-gnu
ac_cv_objext=o
ac_cv_path_GMSGFMT=/usr/bin/msgfmt
ac_cv_path_MSGFMT=/usr/bin/msgfmt
ac_cv_path_MSGMERGE=/usr/bin/msgmerge
ac_cv_path_PKG_CONFIG=/usr/bin/pkg-config
ac_cv_path_XGETTEXT=/usr/bin/xgettext
ac_cv_path_install='/usr/bin/install -c'
ac_cv_prog_AWK=gawk
ac_cv_prog_CPP='gcc -E'
ac_cv_prog_ac_ct_CC=gcc
ac_cv_prog_ac_ct_RANLIB=ranlib
ac_cv_prog_cc_g=yes
ac_cv_prog_cc_stdc=
ac_cv_prog_egrep='grep -E'
ac_cv_prog_make_make_set=yes
ac_cv_search_strerror='none required'
acl_cv_hardcode_direct=no
acl_cv_hardcode_libdir_flag_spec='${wl}-rpath ${wl}$libdir'
acl_cv_hardcode_libdir_separator=
acl_cv_hardcode_minus_L=no
acl_cv_libext=a
acl_cv_path_LD=/usr/bin/ld
acl_cv_prog_gnu_ld=yes
acl_cv_rpath=done
acl_cv_shlibext=so
acl_cv_wl=-Wl,
am_cv_CC_dependencies_compiler_type=none
am_cv_prog_cc_stdc=
gt_cv_func_gnugettext1_libc=yes

## ----------------- ##
## Output variables. ##
## ----------------- ##

ACLOCAL='aclocal-1.9'
AMDEPBACKSLASH='\'
AMDEP_FALSE='#'
AMDEP_TRUE=''
AMTAR='tar'
AUTOCONF='autoconf'
AUTOHEADER='autoheader'
AUTOMAKE='automake-1.9'
AWK='gawk'
CC='gcc'
CCDEPMODE='depmode=none'
CFLAGS='-g -O2 -Wall -s'
CPP='gcc -E'
CPPFLAGS=' -DUSE_GTK2'
CYGPATH_W='echo'
DEFS='-DHAVE_CONFIG_H'
DEPDIR='.deps'
ECHO_C=''
ECHO_N='-n'
ECHO_T=''
EGREP='grep -E'
EXEEXT=''
GMSGFMT='/usr/bin/msgfmt'
GTK_CFLAGS='-pthread -I/usr/include/gtk-2.0 -I/usr/lib/x86_64-linux-gnu/gtk-2.0/include -I/usr/include/atk-1.0 -I/usr/include/cairo -I/usr/include/gdk-pixbuf-2.0 -I/usr/include/pango-1.0 -I/usr/include/gio-unix-2.0/ -I/usr/include/glib-2.0 -I/usr/lib/x86_64-linux-gnu/glib-2.0/include -I/usr/include/pixman-1 -I/usr/include/freetype2 -I/usr/include/libpng12  '
GTK_CONFIG=''
GTK_LIBS='-lgtk-x11-2.0 -lgdk-x11-2.0 -latk-1.0 -lgio-2.0 -lpangoft2-1.0 -lpangocairo-1.0 -lgdk_pixbuf-2.0 -lcairo -lpango-1.0 -lfreetype -lfontconfig -lgobject-2.0 -lglib-2.0  '
INSTALL_DATA='${INSTALL} -m 644'
INSTALL_PROGRAM='${INSTALL}'
INSTALL_SCRIPT='${INSTALL}'
INSTALL_STRIP_PROGRAM='${SHELL} $(install_sh) -c -s'
INTLLIBS=''
LDFLAGS=''
LIBICONV='-liconv'
LIBINTL=''
LIBOBJS=''
LIBS=''
LTLIBICONV='-liconv'
LTLIBINTL=''
LTLIBOBJS=''
MAKEINFO='makeinfo'
MKINSTALLDIRS='$(top_builddir)/./mkinstalldirs'
MSGFMT='/usr/bin/msgfmt'
MSGMERGE='/usr/bin/msgmerge'
OBJEXT='o'
PACKAGE='Xdialog'
PACKAGE_BUGREPORT=''
PACKAGE_NAME=''
PACKAGE_STRING=''
PACKAGE_TARNAME=''
PACKAGE_VERSION=''
PATH_SEPARATOR=':'
PKG_CONFIG='/usr/bin/pkg-config'
POSUB='po'
RANLIB='ranlib'
SET_MAKE=''
SHELL='/bin/bash'
STRIP=''
USE_NLS='yes'
VERSION='2.3.1'
XGETTEXT='/usr/bin/xgettext'
ac_ct_CC='gcc'
ac_ct_RANLIB='ranlib'
ac_ct_STRIP=''
am__fastdepCC_FALSE=''
am__fastdepCC_TRUE='#'
am__include='include'
am__leading_dot='.'
am__quote=''
am__tar='${AMTAR} chof - "$$tardir"'
am__untar='${AMTAR} xf -'
bindir='${exec_prefix}/bin'
build='x86_64-unknown-linux-gnu'
build_alias=''
build_cpu='x86_64'
build_os='linux-gnu'
build_vendor='unknown'
datadir='${prefix}/share'
exec_prefix='${prefix}'
host='x86_64-unknown-linux-gnu'
host_alias=''
host_cpu='x86_64'
host_os='linux-gnu'
host_vendor='unknown'
includedir='${prefix}/include'
infodir='${prefix}/info'
install_sh='/home/paradoxo/shell/Xdialog-2.3.1/install-sh'
libdir='${exec_prefix}/lib'
libexecdir='${exec_prefix}/libexec'
localstatedir='${prefix}/var'
mandir='${prefix}/man'
mkdir_p='mkdir -p --'
oldincludedir='/usr/include'
prefix='/usr/local'
program_transform_name='s,x,x,'
sbindir='${exec_prefix}/sbin'
sharedstatedir='${prefix}/com'
sysconfdir='${prefix}/etc'
target_alias=''

## ----------- ##
## confdefs.h. ##
## ----------- ##

#define ENABLE_NLS 1
#define HAVE_DCGETTEXT 1
#define HAVE_ERRNO_H 1
#define HAVE_FCNTL_H 1
#define HAVE_GETOPT_LONG_ONLY 1
#define HAVE_GETTEXT 1
#define HAVE_INTTYPES_H 1
#define HAVE_MEMCHR 1
#define HAVE_MEMMOVE 1
#define HAVE_MEMORY_H 1
#define HAVE_SETLOCALE 1
#define HAVE_STDINT_H 1
#define HAVE_STDLIB_H 1
#define HAVE_STRCASECMP 1
#define HAVE_STRINGS_H 1
#define HAVE_STRING_H 1
#define HAVE_STRSTR 1
#define HAVE_SYS_STAT_H 1
#define HAVE_SYS_TYPES_H 1
#define HAVE_UNISTD_H 1
#define HAVE_UNISTD_H 1
#define PACKAGE "Xdialog"
#define PACKAGE "Xdialog"
#define PACKAGE_BUGREPORT ""
#define PACKAGE_DATA_DIR "/usr/local/share/Xdialog"
#define PACKAGE_NAME ""
#define PACKAGE_SOURCE_DIR "/home/paradoxo/shell/Xdialog-2.3.1"
#define PACKAGE_STRING ""
#define PACKAGE_TARNAME ""
#define PACKAGE_VERSION ""
#define STDC_HEADERS 1
#define VERSION "2.3.1"
#define VERSION "2.3.1"

configure: exit 0
